<?xml version="1.0" encoding="UTF-8"?>
<!-- Generated by org.testng.reporters.JUnitReportReporter -->
<testsuite skipped="1" hostname="BORSE-PC" name="testcases.WebPagesTest" tests="15" failures="0" timestamp="2020-02-06T21:05:39 IST" time="1844.822" errors="0">
  <testcase name="CancelWebPageRemovingByIconTest" time="132.170" classname="testcases.WebPagesTest"/>
  <testcase name="ChangeRefreshTimeStatusTest" time="144.081" classname="testcases.WebPagesTest"/>
  <testcase name="ChangeRemarksTest" time="148.127" classname="testcases.WebPagesTest"/>
  <testcase name="CancelWebPageRemovingByButtonTest" time="136.674" classname="testcases.WebPagesTest"/>
  <testcase name="DeleteWebPageByButtonTest" time="147.071" classname="testcases.WebPagesTest"/>
  <testcase name="ChangeURLTest" time="139.542" classname="testcases.WebPagesTest"/>
  <testcase name="ChangeVisibilityStatusTest" time="141.500" classname="testcases.WebPagesTest"/>
  <testcase name="DeleteWebPageByIconTest" time="145.715" classname="testcases.WebPagesTest"/>
  <testcase name="AddNewWebPageTest" time="105.643" classname="testcases.WebPagesTest"/>
  <testcase name="ChangeRefreshTimeValueTest" time="125.917" classname="testcases.WebPagesTest"/>
  <testcase name="DeleteURLTest" time="121.642" classname="testcases.WebPagesTest"/>
  <testcase name="WebPagesFilterTest" time="104.756" classname="testcases.WebPagesTest"/>
  <testcase name="ChangeNameTest" time="143.617" classname="testcases.WebPagesTest"/>
  <testcase name="ChangeRefreshTimeValueBySpinnerTest" time="108.367" classname="testcases.WebPagesTest"/>
  <testcase name="AddNewWebPageInputParametersTest" classname="testcases.WebPagesTest">
    <skipped/>
  </testcase> <!-- AddNewWebPageInputParametersTest -->
</testsuite> <!-- testcases.WebPagesTest -->
