<?xml version="1.0" encoding="UTF-8"?>
<!-- Generated by org.testng.reporters.JUnitReportReporter -->
<testsuite skipped="1" hostname="BORSE-PC" name="testcases.ViewsTest" tests="2" failures="0" timestamp="2020-04-03T15:13:53 IST" time="207.019" errors="0">
  <testcase name="ChangeLayoutTest" time="207.019" classname="testcases.ViewsTest"/>
  <testcase name="DeleteCameraAndCheckInViewTest" classname="testcases.ViewsTest">
    <skipped/>
  </testcase> <!-- DeleteCameraAndCheckInViewTest -->
</testsuite> <!-- testcases.ViewsTest -->
