<?xml version="1.0" encoding="UTF-8"?>
<!-- Generated by org.testng.reporters.JUnitReportReporter -->
<testsuite skipped="1" hostname="BORSE-PC" name="testcases.GroupsHierarchyTest" tests="11" failures="1" timestamp="2020-02-06T04:06:48 IST" time="1534.636" errors="0">
  <testcase name="DeleteResourceByButtonAndCheckInMonitoringTest" time="165.624" classname="testcases.GroupsHierarchyTest"/>
  <testcase name="DeleteGroupAndPressNoTest" time="132.069" classname="testcases.GroupsHierarchyTest"/>
  <testcase name="DeleteGroupAndCheckInMonitoringTest" time="186.180" classname="testcases.GroupsHierarchyTest"/>
  <testcase name="ResourcesFilterTest" time="105.239" classname="testcases.GroupsHierarchyTest"/>
  <testcase name="RenameGroupAndCheckInMonitoringTest" time="150.232" classname="testcases.GroupsHierarchyTest">
    <failure type="java.lang.AssertionError" message="did not expect to find [true] but found [false]">
      <![CDATA[java.lang.AssertionError: did not expect to find [true] but found [false]
at org.testng.Assert.fail(Assert.java:97)
at org.testng.Assert.failNotEquals(Assert.java:969)
at org.testng.Assert.assertTrue(Assert.java:43)
at org.testng.Assert.assertTrue(Assert.java:53)
at testcases.GroupsHierarchyTest.RenameGroupAndCheckInMonitoringTest(GroupsHierarchyTest.java:309)
at sun.reflect.NativeMethodAccessorImpl.invoke0(Native Method)
at sun.reflect.NativeMethodAccessorImpl.invoke(NativeMethodAccessorImpl.java:62)
at sun.reflect.DelegatingMethodAccessorImpl.invoke(DelegatingMethodAccessorImpl.java:43)
at java.lang.reflect.Method.invoke(Method.java:498)
at org.testng.internal.MethodInvocationHelper.invokeMethod(MethodInvocationHelper.java:133)
at org.testng.internal.TestInvoker.invokeMethod(TestInvoker.java:584)
at org.testng.internal.TestInvoker.invokeTestMethod(TestInvoker.java:172)
at org.testng.internal.MethodRunner.runInSequence(MethodRunner.java:46)
at org.testng.internal.TestInvoker$MethodInvocationAgent.invoke(TestInvoker.java:804)
at org.testng.internal.TestInvoker.invokeTestMethods(TestInvoker.java:145)
at org.testng.internal.TestMethodWorker.invokeTestMethods(TestMethodWorker.java:146)
at org.testng.internal.TestMethodWorker.run(TestMethodWorker.java:128)
at java.util.ArrayList.forEach(ArrayList.java:1257)
at org.testng.TestRunner.privateRun(TestRunner.java:770)
at org.testng.TestRunner.run(TestRunner.java:591)
at org.testng.SuiteRunner.runTest(SuiteRunner.java:402)
at org.testng.SuiteRunner.runSequentially(SuiteRunner.java:396)
at org.testng.SuiteRunner.privateRun(SuiteRunner.java:355)
at org.testng.SuiteRunner.run(SuiteRunner.java:304)
at org.testng.SuiteRunnerWorker.runSuite(SuiteRunnerWorker.java:53)
at org.testng.SuiteRunnerWorker.run(SuiteRunnerWorker.java:96)
at org.testng.TestNG.runSuitesSequentially(TestNG.java:1180)
at org.testng.TestNG.runSuitesLocally(TestNG.java:1102)
at org.testng.TestNG.runSuites(TestNG.java:1032)
at org.testng.TestNG.run(TestNG.java:1000)
at org.testng.remote.AbstractRemoteTestNG.run(AbstractRemoteTestNG.java:115)
at org.testng.remote.RemoteTestNG.initAndRun(RemoteTestNG.java:251)
at org.testng.remote.RemoteTestNG.main(RemoteTestNG.java:77)
]]>
    </failure>
  </testcase> <!-- RenameGroupAndCheckInMonitoringTest -->
  <testcase name="AddGroupAndCheckInMonitoringTest" time="229.606" classname="testcases.GroupsHierarchyTest"/>
  <testcase name="RenameGroupAndClickCancelIconTest" time="115.539" classname="testcases.GroupsHierarchyTest"/>
  <testcase name="AddSubGroupTest" time="199.774" classname="testcases.GroupsHierarchyTest"/>
  <testcase name="DeleteResourceByButtonAndCancelRemovingTest" time="108.493" classname="testcases.GroupsHierarchyTest"/>
  <testcase name="DragResourceToGroupTest" time="141.880" classname="testcases.GroupsHierarchyTest"/>
  <testcase name="DragGroupToGroupTest" classname="testcases.GroupsHierarchyTest">
    <skipped/>
  </testcase> <!-- DragGroupToGroupTest -->
</testsuite> <!-- testcases.GroupsHierarchyTest -->
