<?xml version="1.0" encoding="UTF-8"?>
<!-- Generated by org.testng.reporters.JUnitReportReporter -->
<testsuite skipped="1" hostname="BORSE-PC" name="testcases.WebPagesTest" tests="2" failures="0" timestamp="2020-04-03T15:13:53 IST" time="64.378" errors="0">
  <testcase name="WebPagesFilterTest" time="64.378" classname="testcases.WebPagesTest"/>
  <testcase name="AddNewWebPageInputParametersTest" classname="testcases.WebPagesTest">
    <skipped/>
  </testcase> <!-- AddNewWebPageInputParametersTest -->
</testsuite> <!-- testcases.WebPagesTest -->
