<?xml version="1.0" encoding="UTF-8"?>
<!-- Generated by org.testng.reporters.JUnitReportReporter -->
<testsuite skipped="0" hostname="BORSE-PC" name="testcases.ViewsElementsTest" tests="2" failures="0" timestamp="2020-04-03T15:13:53 IST" time="283.829" errors="0">
  <testcase name="ChangeLayoutExitAndPressSaveTest" time="141.373" classname="testcases.ViewsElementsTest"/>
  <testcase name="ChangeLayoutExitAndPressCancelTest" time="142.456" classname="testcases.ViewsElementsTest"/>
</testsuite> <!-- testcases.ViewsElementsTest -->
