<?xml version="1.0" encoding="UTF-8"?>
<!-- Generated by org.testng.reporters.JUnitReportReporter -->
<testsuite skipped="1" hostname="BORSE-PC" name="testcases.GroupsHierarchyTest" tests="11" failures="0" timestamp="2020-04-03T07:45:11 IST" time="1265.368" errors="0">
  <testcase name="RenameGroupAndClickCancelIconTest" time="94.430" classname="testcases.GroupsHierarchyTest"/>
  <testcase name="AddSubGroupTest" time="130.000" classname="testcases.GroupsHierarchyTest"/>
  <testcase name="DeleteGroupAndCheckInMonitoringTest" time="223.007" classname="testcases.GroupsHierarchyTest"/>
  <testcase name="AddGroupAndCheckInMonitoringTest" time="161.620" classname="testcases.GroupsHierarchyTest"/>
  <testcase name="DeleteResourceByButtonAndCheckInMonitoringTest" time="89.870" classname="testcases.GroupsHierarchyTest"/>
  <testcase name="RenameGroupAndCheckInMonitoringTest" time="134.326" classname="testcases.GroupsHierarchyTest"/>
  <testcase name="DragResourceToGroupTest" time="136.317" classname="testcases.GroupsHierarchyTest"/>
  <testcase name="ResourcesFilterTest" time="90.869" classname="testcases.GroupsHierarchyTest"/>
  <testcase name="DeleteResourceByButtonAndCancelRemovingTest" time="92.542" classname="testcases.GroupsHierarchyTest"/>
  <testcase name="DeleteGroupAndPressNoTest" time="112.387" classname="testcases.GroupsHierarchyTest"/>
  <testcase name="DragGroupToGroupTest" classname="testcases.GroupsHierarchyTest">
    <skipped/>
  </testcase> <!-- DragGroupToGroupTest -->
</testsuite> <!-- testcases.GroupsHierarchyTest -->
