<?xml version="1.0" encoding="UTF-8"?>
<!-- Generated by org.testng.reporters.JUnitReportReporter -->
<testsuite skipped="1" hostname="BORSE-PC" name="testcases.WebPagesTest" tests="15" failures="0" timestamp="2020-02-04T02:55:10 IST" time="2159.584" errors="0">
  <testcase name="ChangeRefreshTimeValueTest" time="145.484" classname="testcases.WebPagesTest"/>
  <testcase name="WebPagesFilterTest" time="127.778" classname="testcases.WebPagesTest"/>
  <testcase name="CancelWebPageRemovingByButtonTest" time="173.647" classname="testcases.WebPagesTest"/>
  <testcase name="ChangeVisibilityStatusTest" time="150.670" classname="testcases.WebPagesTest"/>
  <testcase name="ChangeRemarksTest" time="137.326" classname="testcases.WebPagesTest"/>
  <testcase name="ChangeRefreshTimeValueBySpinnerTest" time="183.207" classname="testcases.WebPagesTest"/>
  <testcase name="ChangeRefreshTimeStatusTest" time="218.319" classname="testcases.WebPagesTest"/>
  <testcase name="CancelWebPageRemovingByIconTest" time="145.410" classname="testcases.WebPagesTest"/>
  <testcase name="DeleteWebPageByButtonTest" time="196.241" classname="testcases.WebPagesTest"/>
  <testcase name="ChangeURLTest" time="145.670" classname="testcases.WebPagesTest"/>
  <testcase name="DeleteWebPageByIconTest" time="136.560" classname="testcases.WebPagesTest"/>
  <testcase name="AddNewWebPageTest" time="114.377" classname="testcases.WebPagesTest"/>
  <testcase name="ChangeNameTest" time="161.459" classname="testcases.WebPagesTest"/>
  <testcase name="DeleteURLTest" time="123.436" classname="testcases.WebPagesTest"/>
  <testcase name="AddNewWebPageInputParametersTest" classname="testcases.WebPagesTest">
    <skipped/>
  </testcase> <!-- AddNewWebPageInputParametersTest -->
</testsuite> <!-- testcases.WebPagesTest -->
