<?xml version="1.0" encoding="UTF-8"?>
<!-- Generated by org.testng.reporters.JUnitReportReporter -->
<testsuite skipped="0" hostname="BORSE-PC" name="testcases.ToursTest" tests="3" failures="0" timestamp="2020-04-03T15:13:53 IST" time="357.399" errors="0">
  <testcase name="DeleteViewFromViewsPageTest" time="159.895" classname="testcases.ToursTest"/>
  <testcase name="ChangeViewTimeToLessThanMinValueTest" time="98.481" classname="testcases.ToursTest"/>
  <testcase name="ChangeViewTimeToMoreThanMaxValueTest" time="99.023" classname="testcases.ToursTest"/>
</testsuite> <!-- testcases.ToursTest -->
