<?xml version="1.0" encoding="UTF-8"?>
<!-- Generated by org.testng.reporters.JUnitReportReporter -->
<testsuite skipped="39" hostname="BORSE-PC" name="testcases.WebPagesElementsTest" tests="40" failures="0" timestamp="2020-02-05T03:13:01 IST" time="167.002" errors="1">
  <testcase name="AddNewWebPageExitAndSaveTest" time="167.002" classname="testcases.WebPagesElementsTest">
    <error type="java.lang.NullPointerException">
      <![CDATA[java.lang.NullPointerException
at testcases.WebPagesElementsTest.AddNewWebPageExitAndSaveTest(WebPagesElementsTest.java:171)
at sun.reflect.NativeMethodAccessorImpl.invoke0(Native Method)
at sun.reflect.NativeMethodAccessorImpl.invoke(NativeMethodAccessorImpl.java:62)
at sun.reflect.DelegatingMethodAccessorImpl.invoke(DelegatingMethodAccessorImpl.java:43)
at java.lang.reflect.Method.invoke(Method.java:498)
at org.testng.internal.MethodInvocationHelper.invokeMethod(MethodInvocationHelper.java:133)
at org.testng.internal.TestInvoker.invokeMethod(TestInvoker.java:584)
at org.testng.internal.TestInvoker.invokeTestMethod(TestInvoker.java:172)
at org.testng.internal.MethodRunner.runInSequence(MethodRunner.java:46)
at org.testng.internal.TestInvoker$MethodInvocationAgent.invoke(TestInvoker.java:804)
at org.testng.internal.TestInvoker.invokeTestMethods(TestInvoker.java:145)
at org.testng.internal.TestMethodWorker.invokeTestMethods(TestMethodWorker.java:146)
at org.testng.internal.TestMethodWorker.run(TestMethodWorker.java:128)
at java.util.ArrayList.forEach(ArrayList.java:1257)
at org.testng.TestRunner.privateRun(TestRunner.java:770)
at org.testng.TestRunner.run(TestRunner.java:591)
at org.testng.SuiteRunner.runTest(SuiteRunner.java:402)
at org.testng.SuiteRunner.runSequentially(SuiteRunner.java:396)
at org.testng.SuiteRunner.privateRun(SuiteRunner.java:355)
at org.testng.SuiteRunner.run(SuiteRunner.java:304)
at org.testng.SuiteRunnerWorker.runSuite(SuiteRunnerWorker.java:53)
at org.testng.SuiteRunnerWorker.run(SuiteRunnerWorker.java:96)
at org.testng.TestNG.runSuitesSequentially(TestNG.java:1180)
at org.testng.TestNG.runSuitesLocally(TestNG.java:1102)
at org.testng.TestNG.runSuites(TestNG.java:1032)
at org.testng.TestNG.run(TestNG.java:1000)
at org.testng.remote.AbstractRemoteTestNG.run(AbstractRemoteTestNG.java:115)
at org.testng.remote.RemoteTestNG.initAndRun(RemoteTestNG.java:251)
at org.testng.remote.RemoteTestNG.main(RemoteTestNG.java:77)
]]>
    </error>
  </testcase> <!-- AddNewWebPageExitAndSaveTest -->
  <testcase name="ChangeRefreshTimeValueAndCancelTest" classname="testcases.WebPagesElementsTest">
    <skipped/>
  </testcase> <!-- ChangeRefreshTimeValueAndCancelTest -->
  <testcase name="ChangeNameExitAndCancelTest" classname="testcases.WebPagesElementsTest">
    <skipped/>
  </testcase> <!-- ChangeNameExitAndCancelTest -->
  <testcase name="ChangeVisibilityStatusExitAndDoNotSaveTest" classname="testcases.WebPagesElementsTest">
    <skipped/>
  </testcase> <!-- ChangeVisibilityStatusExitAndDoNotSaveTest -->
  <testcase name="ChangeNameAndCancelTest" classname="testcases.WebPagesElementsTest">
    <skipped/>
  </testcase> <!-- ChangeNameAndCancelTest -->
  <testcase name="ChangeRefreshTimeStatusExitAndSaveTest" classname="testcases.WebPagesElementsTest">
    <skipped/>
  </testcase> <!-- ChangeRefreshTimeStatusExitAndSaveTest -->
  <testcase name="DeleteURLExitAndSaveTest" classname="testcases.WebPagesElementsTest">
    <skipped/>
  </testcase> <!-- DeleteURLExitAndSaveTest -->
  <testcase name="ChangeRemarksAndCancelTest" classname="testcases.WebPagesElementsTest">
    <skipped/>
  </testcase> <!-- ChangeRemarksAndCancelTest -->
  <testcase name="ChangeNameExitAndSaveTest" classname="testcases.WebPagesElementsTest">
    <skipped/>
  </testcase> <!-- ChangeNameExitAndSaveTest -->
  <testcase name="ChangeVisibilityStatusExitAndSaveTest" classname="testcases.WebPagesElementsTest">
    <skipped/>
  </testcase> <!-- ChangeVisibilityStatusExitAndSaveTest -->
  <testcase name="ChangeRefreshTimeValueBySpinnerExitAndCancelTest" classname="testcases.WebPagesElementsTest">
    <skipped/>
  </testcase> <!-- ChangeRefreshTimeValueBySpinnerExitAndCancelTest -->
  <testcase name="ChangeRemarksExitAndCancelTest" classname="testcases.WebPagesElementsTest">
    <skipped/>
  </testcase> <!-- ChangeRemarksExitAndCancelTest -->
  <testcase name="ChangeRefreshTimeValueExitAndDoNotSaveTest" classname="testcases.WebPagesElementsTest">
    <skipped/>
  </testcase> <!-- ChangeRefreshTimeValueExitAndDoNotSaveTest -->
  <testcase name="DeleteURLAndCancelTest" classname="testcases.WebPagesElementsTest">
    <skipped/>
  </testcase> <!-- DeleteURLAndCancelTest -->
  <testcase name="AddNewWebPageInputURLExitAndCancelTest" classname="testcases.WebPagesElementsTest">
    <skipped/>
  </testcase> <!-- AddNewWebPageInputURLExitAndCancelTest -->
  <testcase name="ChangeURLExitAndCancelTest" classname="testcases.WebPagesElementsTest">
    <skipped/>
  </testcase> <!-- ChangeURLExitAndCancelTest -->
  <testcase name="ChangeRefreshTimeValueBySpinnerAndCancelTest" classname="testcases.WebPagesElementsTest">
    <skipped/>
  </testcase> <!-- ChangeRefreshTimeValueBySpinnerAndCancelTest -->
  <testcase name="ChangeURLExitAndDoNotSaveTest" classname="testcases.WebPagesElementsTest">
    <skipped/>
  </testcase> <!-- ChangeURLExitAndDoNotSaveTest -->
  <testcase name="DeleteURLExitAndDoNotSaveTest" classname="testcases.WebPagesElementsTest">
    <skipped/>
  </testcase> <!-- DeleteURLExitAndDoNotSaveTest -->
  <testcase name="ChangeRefreshTimeStatusAndCancelTest" classname="testcases.WebPagesElementsTest">
    <skipped/>
  </testcase> <!-- ChangeRefreshTimeStatusAndCancelTest -->
  <testcase name="AddNewWebPageExitAndCancelTest" classname="testcases.WebPagesElementsTest">
    <skipped/>
  </testcase> <!-- AddNewWebPageExitAndCancelTest -->
  <testcase name="AddNewWebPageExitAndDoNotSaveTest" classname="testcases.WebPagesElementsTest">
    <skipped/>
  </testcase> <!-- AddNewWebPageExitAndDoNotSaveTest -->
  <testcase name="ChangeRemarksExitAndSaveTest" classname="testcases.WebPagesElementsTest">
    <skipped/>
  </testcase> <!-- ChangeRemarksExitAndSaveTest -->
  <testcase name="ChangeRefreshTimeValueBySpinnerAndSaveTest" classname="testcases.WebPagesElementsTest">
    <skipped/>
  </testcase> <!-- ChangeRefreshTimeValueBySpinnerAndSaveTest -->
  <testcase name="ChangeRefreshTimeValueExitAndSaveTest" classname="testcases.WebPagesElementsTest">
    <skipped/>
  </testcase> <!-- ChangeRefreshTimeValueExitAndSaveTest -->
  <testcase name="ChangeRefreshTimeValueExitAndCancelTest" classname="testcases.WebPagesElementsTest">
    <skipped/>
  </testcase> <!-- ChangeRefreshTimeValueExitAndCancelTest -->
  <testcase name="AddNewWebPageAndCancelTest" classname="testcases.WebPagesElementsTest">
    <skipped/>
  </testcase> <!-- AddNewWebPageAndCancelTest -->
  <testcase name="AddNewWebPageInputURLExitAndSaveTest" classname="testcases.WebPagesElementsTest">
    <skipped/>
  </testcase> <!-- AddNewWebPageInputURLExitAndSaveTest -->
  <testcase name="ChangeRefreshTimeStatusExitAndDoNoTSaveTest" classname="testcases.WebPagesElementsTest">
    <skipped/>
  </testcase> <!-- ChangeRefreshTimeStatusExitAndDoNoTSaveTest -->
  <testcase name="ChangeVisibilityStatusExitAndCancelTest" classname="testcases.WebPagesElementsTest">
    <skipped/>
  </testcase> <!-- ChangeVisibilityStatusExitAndCancelTest -->
  <testcase name="ChangeRefreshTimeStatusExitAndCancelTest" classname="testcases.WebPagesElementsTest">
    <skipped/>
  </testcase> <!-- ChangeRefreshTimeStatusExitAndCancelTest -->
  <testcase name="ChangeNameExitAndDoNotSaveTest" classname="testcases.WebPagesElementsTest">
    <skipped/>
  </testcase> <!-- ChangeNameExitAndDoNotSaveTest -->
  <testcase name="ChangeVisibilityStatusAndCancelTest" classname="testcases.WebPagesElementsTest">
    <skipped/>
  </testcase> <!-- ChangeVisibilityStatusAndCancelTest -->
  <testcase name="ChangeRefreshTimeValueBySpinnerExitAndDoNotSaveTest" classname="testcases.WebPagesElementsTest">
    <skipped/>
  </testcase> <!-- ChangeRefreshTimeValueBySpinnerExitAndDoNotSaveTest -->
  <testcase name="AddNewWebPageInputURLAndCancelTest" classname="testcases.WebPagesElementsTest">
    <skipped/>
  </testcase> <!-- AddNewWebPageInputURLAndCancelTest -->
  <testcase name="DeleteURLExitAndCancelTest" classname="testcases.WebPagesElementsTest">
    <skipped/>
  </testcase> <!-- DeleteURLExitAndCancelTest -->
  <testcase name="ChangeRemarksExitAndDoNotSaveTest" classname="testcases.WebPagesElementsTest">
    <skipped/>
  </testcase> <!-- ChangeRemarksExitAndDoNotSaveTest -->
  <testcase name="ChangeURLAndCancelTest" classname="testcases.WebPagesElementsTest">
    <skipped/>
  </testcase> <!-- ChangeURLAndCancelTest -->
  <testcase name="AddNewWebPageInputURLExitAndDoNotSaveTest" classname="testcases.WebPagesElementsTest">
    <skipped/>
  </testcase> <!-- AddNewWebPageInputURLExitAndDoNotSaveTest -->
  <testcase name="ChangeURLExitAndSaveTest" classname="testcases.WebPagesElementsTest">
    <skipped/>
  </testcase> <!-- ChangeURLExitAndSaveTest -->
</testsuite> <!-- testcases.WebPagesElementsTest -->
