<?xml version="1.0" encoding="UTF-8"?>
<!-- Generated by org.testng.reporters.JUnitReportReporter -->
<testsuite skipped="1" hostname="BORSE-PC" name="testcases.WebPagesTest" tests="15" failures="0" timestamp="2020-02-06T04:06:48 IST" time="2195.825" errors="0">
  <testcase name="AddNewWebPageTest" time="163.398" classname="testcases.WebPagesTest"/>
  <testcase name="ChangeRefreshTimeStatusTest" time="127.231" classname="testcases.WebPagesTest"/>
  <testcase name="ChangeNameTest" time="136.890" classname="testcases.WebPagesTest"/>
  <testcase name="CancelWebPageRemovingByIconTest" time="129.025" classname="testcases.WebPagesTest"/>
  <testcase name="CancelWebPageRemovingByButtonTest" time="146.377" classname="testcases.WebPagesTest"/>
  <testcase name="ChangeRefreshTimeValueBySpinnerTest" time="268.523" classname="testcases.WebPagesTest"/>
  <testcase name="WebPagesFilterTest" time="175.955" classname="testcases.WebPagesTest"/>
  <testcase name="ChangeRemarksTest" time="134.071" classname="testcases.WebPagesTest"/>
  <testcase name="ChangeURLTest" time="147.128" classname="testcases.WebPagesTest"/>
  <testcase name="ChangeVisibilityStatusTest" time="139.448" classname="testcases.WebPagesTest"/>
  <testcase name="DeleteURLTest" time="126.391" classname="testcases.WebPagesTest"/>
  <testcase name="DeleteWebPageByButtonTest" time="174.505" classname="testcases.WebPagesTest"/>
  <testcase name="ChangeRefreshTimeValueTest" time="148.940" classname="testcases.WebPagesTest"/>
  <testcase name="DeleteWebPageByIconTest" time="177.943" classname="testcases.WebPagesTest"/>
  <testcase name="AddNewWebPageInputParametersTest" classname="testcases.WebPagesTest">
    <skipped/>
  </testcase> <!-- AddNewWebPageInputParametersTest -->
</testsuite> <!-- testcases.WebPagesTest -->
