<?xml version="1.0" encoding="UTF-8"?>
<!-- Generated by org.testng.reporters.JUnitReportReporter -->
<testsuite skipped="12" hostname="BORSE-PC" name="testcases.MonitoringView" tests="13" failures="0" timestamp="2020-04-03T15:13:53 IST" time="36.953" errors="0">
  <testcase name="addViewTest" time="36.953" classname="testcases.MonitoringView"/>
  <testcase name="AddNewViewWithoutLayoutTest" classname="testcases.MonitoringView">
    <skipped/>
  </testcase> <!-- AddNewViewWithoutLayoutTest -->
  <testcase name="CancelDeletingViewByButton" classname="testcases.MonitoringView">
    <skipped/>
  </testcase> <!-- CancelDeletingViewByButton -->
  <testcase name="changelayoutTest" classname="testcases.MonitoringView">
    <skipped/>
  </testcase> <!-- changelayoutTest -->
  <testcase name="DeleteViewByIconTest" classname="testcases.MonitoringView">
    <skipped/>
  </testcase> <!-- DeleteViewByIconTest -->
  <testcase name="CancelRemovingViewByIconTest" classname="testcases.MonitoringView">
    <skipped/>
  </testcase> <!-- CancelRemovingViewByIconTest -->
  <testcase name="ChangeLayoutTest" classname="testcases.MonitoringView">
    <skipped/>
  </testcase> <!-- ChangeLayoutTest -->
  <testcase name="ResourceFilterTest" classname="testcases.MonitoringView">
    <skipped/>
  </testcase> <!-- ResourceFilterTest -->
  <testcase name="ViewsFilterTest" classname="testcases.MonitoringView">
    <skipped/>
  </testcase> <!-- ViewsFilterTest -->
  <testcase name="ClearViewAndDragResourceTest" classname="testcases.MonitoringView">
    <skipped/>
  </testcase> <!-- ClearViewAndDragResourceTest -->
  <testcase name="DragResourceTest" classname="testcases.MonitoringView">
    <skipped/>
  </testcase> <!-- DragResourceTest -->
  <testcase name="DeleteCameraAndCheckInViewTest" classname="testcases.MonitoringView">
    <skipped/>
  </testcase> <!-- DeleteCameraAndCheckInViewTest -->
  <testcase name="DeleteViewByButtonTest" classname="testcases.MonitoringView">
    <skipped/>
  </testcase> <!-- DeleteViewByButtonTest -->
</testsuite> <!-- testcases.MonitoringView -->
