<?xml version="1.0" encoding="UTF-8"?>
<!-- Generated by org.testng.reporters.JUnitReportReporter -->
<testsuite skipped="0" hostname="BORSE-PC" name="testcases.ViewsElementsTest" tests="30" failures="0" timestamp="2020-02-04T02:55:10 IST" time="1297.755" errors="0">
  <testcase name="ChangeVisibilityStatusAndPressCancelTest" time="20.152" classname="testcases.ViewsElementsTest"/>
  <testcase name="AddNewViewWithLayoutExitAndCancelTest" time="52.069" classname="testcases.ViewsElementsTest"/>
  <testcase name="ChangeNameExitAndPressCancelTest" time="21.597" classname="testcases.ViewsElementsTest"/>
  <testcase name="ClearViewExitAndPressCancelTest" time="54.774" classname="testcases.ViewsElementsTest"/>
  <testcase name="ChangeVisibilityStatusExitAndPressDoNotSaveTest" time="19.387" classname="testcases.ViewsElementsTest"/>
  <testcase name="ChangeLayoutExitAndPressCancelTest" time="20.050" classname="testcases.ViewsElementsTest"/>
  <testcase name="AddNewViewWithLayoutExitAndDoNotSaveTest" time="39.880" classname="testcases.ViewsElementsTest"/>
  <testcase name="AddNewViewWithoutLayoutAndExitAndDoNotSaveTest" time="42.306" classname="testcases.ViewsElementsTest"/>
  <testcase name="ClearViewExitAndPressSaveTest" time="49.870" classname="testcases.ViewsElementsTest"/>
  <testcase name="AddNewViewExitAndPressSaveTest" time="46.053" classname="testcases.ViewsElementsTest"/>
  <testcase name="AddNewViewWithoutLayoutAndExitAndSaveTest" time="72.930" classname="testcases.ViewsElementsTest"/>
  <testcase name="AddNewViewExitAndPressCancelTest" time="43.604" classname="testcases.ViewsElementsTest"/>
  <testcase name="ClearViewAndPressCancelTest" time="39.522" classname="testcases.ViewsElementsTest"/>
  <testcase name="ClearViewExitAndPressDoNotSaveTest" time="111.184" classname="testcases.ViewsElementsTest"/>
  <testcase name="AddNewViewExitAndPressDoNotSaveTest" time="135.389" classname="testcases.ViewsElementsTest"/>
  <testcase name="AddNewViewAndPressCancelTest" time="25.489" classname="testcases.ViewsElementsTest"/>
  <testcase name="ChangeNameExitAndPressDoNotSaveTest" time="18.940" classname="testcases.ViewsElementsTest"/>
  <testcase name="ChangeRemarksAndPressCancelTest" time="21.448" classname="testcases.ViewsElementsTest"/>
  <testcase name="ChangeNameAndPressCancelTest" time="52.622" classname="testcases.ViewsElementsTest"/>
  <testcase name="ChangeRemarksExitAndPressCancelTest" time="52.726" classname="testcases.ViewsElementsTest"/>
  <testcase name="ChangeLayoutAndPressCancelTest" time="31.075" classname="testcases.ViewsElementsTest"/>
  <testcase name="ChangeVisibilityStatusExitAndPressSaveTest" time="49.491" classname="testcases.ViewsElementsTest"/>
  <testcase name="ChangeVisibilityStatusExitAndPressCancelTest" time="55.016" classname="testcases.ViewsElementsTest"/>
  <testcase name="ChangeRemarksExitAndPressSaveTest" time="25.979" classname="testcases.ViewsElementsTest"/>
  <testcase name="ChangeNameExitAndPressSaveTest" time="18.969" classname="testcases.ViewsElementsTest"/>
  <testcase name="AddNewViewWithLayoutExitAndSaveTest" time="31.104" classname="testcases.ViewsElementsTest"/>
  <testcase name="ChangeRemarksExitAndPressDoNotSaveTest" time="32.722" classname="testcases.ViewsElementsTest"/>
  <testcase name="ChangeLayoutExitAndPressDontSaveTest" time="16.209" classname="testcases.ViewsElementsTest"/>
  <testcase name="ChangeLayoutExitAndPressSaveTest" time="60.801" classname="testcases.ViewsElementsTest"/>
  <testcase name="AddNewViewWithoutLayoutAndExitAndCancelTest" time="36.397" classname="testcases.ViewsElementsTest"/>
</testsuite> <!-- testcases.ViewsElementsTest -->
