<?xml version="1.0" encoding="UTF-8"?>
<!-- Generated by org.testng.reporters.JUnitReportReporter -->
<testsuite skipped="0" hostname="BORSE-PC" name="testcases.ToursTest" tests="21" failures="0" timestamp="2020-02-06T21:05:39 IST" time="2760.714" errors="0">
  <testcase name="ChangeViewTimeTest" time="107.675" classname="testcases.ToursTest"/>
  <testcase name="FilterViewsTest" time="105.320" classname="testcases.ToursTest"/>
  <testcase name="ChangeVisibilityStatusTest" time="106.714" classname="testcases.ToursTest"/>
  <testcase name="DeleteAllViewsTest" time="102.231" classname="testcases.ToursTest"/>
  <testcase name="ChangeViewTimeBySpinnersTest" time="145.121" classname="testcases.ToursTest"/>
  <testcase name="ChangeViewTimeToLessThanMinValueTest" time="105.977" classname="testcases.ToursTest"/>
  <testcase name="DeleteViewTest" time="154.026" classname="testcases.ToursTest"/>
  <testcase name="DeleteTourByIconTest" time="130.650" classname="testcases.ToursTest"/>
  <testcase name="DeleteTourByButtonAndPressNoTest" time="125.481" classname="testcases.ToursTest"/>
  <testcase name="DeleteTourByButtonTest" time="140.905" classname="testcases.ToursTest"/>
  <testcase name="AddViewTest" time="138.469" classname="testcases.ToursTest"/>
  <testcase name="ChangeRemarksTest" time="150.261" classname="testcases.ToursTest"/>
  <testcase name="ChangeNameTest" time="139.646" classname="testcases.ToursTest"/>
  <testcase name="ChangeOrderForViewTest" time="166.430" classname="testcases.ToursTest"/>
  <testcase name="DeleteTourByIconAndPressNoTest" time="123.138" classname="testcases.ToursTest"/>
  <testcase name="DeleteViewFromViewsPageTest" time="163.005" classname="testcases.ToursTest"/>
  <testcase name="NewTourWithEmptyViewTest" time="117.815" classname="testcases.ToursTest"/>
  <testcase name="AddNewTourWithAllParametersTest" time="215.855" classname="testcases.ToursTest"/>
  <testcase name="AddNewTourTest" time="111.078" classname="testcases.ToursTest"/>
  <testcase name="ChangeViewTimeToMoreThanMaxValueTest" time="109.292" classname="testcases.ToursTest"/>
  <testcase name="FilterToursTest" time="101.625" classname="testcases.ToursTest"/>
</testsuite> <!-- testcases.ToursTest -->
