<?xml version="1.0" encoding="UTF-8"?>
<!-- Generated by org.testng.reporters.JUnitReportReporter -->
<testsuite skipped="0" hostname="BORSE-PC" name="testcases.ToursElementsTest" tests="40" failures="1" timestamp="2020-02-05T03:13:01 IST" time="5195.895" errors="1">
  <testcase name="AddNewTourAndCancelTest" time="132.648" classname="testcases.ToursElementsTest">
    <error type="org.openqa.selenium.ElementNotVisibleException" message="Cannot click on element (WARNING: The server did not provide any stacktrace information)
Command duration or timeout: 0 milliseconds
Build info: version: &#039;3.9.1&#039;, revision: &#039;63f7b50&#039;, time: &#039;2018-02-07T22:25:02.294Z&#039;
System info: host: &#039;BORSE-PC&#039;, ip: &#039;172.20.1.42&#039;, os.name: &#039;Windows 10&#039;, os.arch: &#039;amd64&#039;, os.version: &#039;10.0&#039;, java.version: &#039;1.8.0_202&#039;
Driver info: org.openqa.selenium.ie.InternetExplorerDriver
Capabilities {browserName: internet explorer, javascriptEnabled: true, pageLoadStrategy: normal, platform: WINDOWS, platformName: WINDOWS, se:ieOptions: {browserAttachTimeout: 0, elementScrollBehavior: 0, enableElementCacheCleanup: true, enablePersistentHover: true, ie.browserCommandLineSwitches: , ie.enableFullPageScreenshot: true, ie.ensureCleanSession: true, ie.fileUploadDialogTimeout: 3000, ie.forceCreateProcessApi: false, ie.forceShellWindowsApi: false, ie.useLegacyFileUploadDialogHandling: false, ignoreProtectedModeSettings: true, ignoreZoomSetting: false, initialBrowserUrl: http://localhost:46803/, nativeEvents: true, requireWindowFocus: false}, unexpectedAlertBehaviour: dismiss, unhandledPromptBehavior: dismiss, version: 11}
Session ID: d6350fda-3250-4cd6-8831-478583fe6d06">
      <![CDATA[org.openqa.selenium.ElementNotVisibleException: Cannot click on element (WARNING: The server did not provide any stacktrace information)
Command duration or timeout: 0 milliseconds
Build info: version: '3.9.1', revision: '63f7b50', time: '2018-02-07T22:25:02.294Z'
System info: host: 'BORSE-PC', ip: '172.20.1.42', os.name: 'Windows 10', os.arch: 'amd64', os.version: '10.0', java.version: '1.8.0_202'
Driver info: org.openqa.selenium.ie.InternetExplorerDriver
Capabilities {browserName: internet explorer, javascriptEnabled: true, pageLoadStrategy: normal, platform: WINDOWS, platformName: WINDOWS, se:ieOptions: {browserAttachTimeout: 0, elementScrollBehavior: 0, enableElementCacheCleanup: true, enablePersistentHover: true, ie.browserCommandLineSwitches: , ie.enableFullPageScreenshot: true, ie.ensureCleanSession: true, ie.fileUploadDialogTimeout: 3000, ie.forceCreateProcessApi: false, ie.forceShellWindowsApi: false, ie.useLegacyFileUploadDialogHandling: false, ignoreProtectedModeSettings: true, ignoreZoomSetting: false, initialBrowserUrl: http://localhost:46803/, nativeEvents: true, requireWindowFocus: false}, unexpectedAlertBehaviour: dismiss, unhandledPromptBehavior: dismiss, version: 11}
Session ID: d6350fda-3250-4cd6-8831-478583fe6d06
at sun.reflect.NativeConstructorAccessorImpl.newInstance0(Native Method)
at sun.reflect.NativeConstructorAccessorImpl.newInstance(NativeConstructorAccessorImpl.java:62)
at sun.reflect.DelegatingConstructorAccessorImpl.newInstance(DelegatingConstructorAccessorImpl.java:45)
at java.lang.reflect.Constructor.newInstance(Constructor.java:423)
at org.openqa.selenium.remote.ErrorHandler.createThrowable(ErrorHandler.java:214)
at org.openqa.selenium.remote.ErrorHandler.throwIfResponseFailed(ErrorHandler.java:166)
at org.openqa.selenium.remote.http.JsonHttpResponseCodec.reconstructValue(JsonHttpResponseCodec.java:40)
at org.openqa.selenium.remote.http.AbstractHttpResponseCodec.decode(AbstractHttpResponseCodec.java:80)
at org.openqa.selenium.remote.http.AbstractHttpResponseCodec.decode(AbstractHttpResponseCodec.java:44)
at org.openqa.selenium.remote.HttpCommandExecutor.execute(HttpCommandExecutor.java:160)
at org.openqa.selenium.remote.service.DriverCommandExecutor.execute(DriverCommandExecutor.java:83)
at org.openqa.selenium.remote.RemoteWebDriver.execute(RemoteWebDriver.java:601)
at org.openqa.selenium.remote.RemoteWebElement.execute(RemoteWebElement.java:279)
at org.openqa.selenium.remote.RemoteWebElement.click(RemoteWebElement.java:83)
at sun.reflect.GeneratedMethodAccessor4.invoke(Unknown Source)
at sun.reflect.DelegatingMethodAccessorImpl.invoke(DelegatingMethodAccessorImpl.java:43)
at java.lang.reflect.Method.invoke(Method.java:498)
at org.openqa.selenium.support.pagefactory.internal.LocatingElementHandler.invoke(LocatingElementHandler.java:51)
at com.sun.proxy.$Proxy14.click(Unknown Source)
at Utilities.Page.ClickOnElement(Page.java:752)
at pageObjects.ToursPage.PressCancelButton(ToursPage.java:204)
at testcases.ToursElementsTest.AddNewTourAndCancelTest(ToursElementsTest.java:253)
at sun.reflect.NativeMethodAccessorImpl.invoke0(Native Method)
at sun.reflect.NativeMethodAccessorImpl.invoke(NativeMethodAccessorImpl.java:62)
at sun.reflect.DelegatingMethodAccessorImpl.invoke(DelegatingMethodAccessorImpl.java:43)
at java.lang.reflect.Method.invoke(Method.java:498)
at org.testng.internal.MethodInvocationHelper.invokeMethod(MethodInvocationHelper.java:133)
at org.testng.internal.TestInvoker.invokeMethod(TestInvoker.java:584)
at org.testng.internal.TestInvoker.invokeTestMethod(TestInvoker.java:172)
at org.testng.internal.MethodRunner.runInSequence(MethodRunner.java:46)
at org.testng.internal.TestInvoker$MethodInvocationAgent.invoke(TestInvoker.java:804)
at org.testng.internal.TestInvoker.invokeTestMethods(TestInvoker.java:145)
at org.testng.internal.TestMethodWorker.invokeTestMethods(TestMethodWorker.java:146)
at org.testng.internal.TestMethodWorker.run(TestMethodWorker.java:128)
at java.util.ArrayList.forEach(ArrayList.java:1257)
at org.testng.TestRunner.privateRun(TestRunner.java:770)
at org.testng.TestRunner.run(TestRunner.java:591)
at org.testng.SuiteRunner.runTest(SuiteRunner.java:402)
at org.testng.SuiteRunner.runSequentially(SuiteRunner.java:396)
at org.testng.SuiteRunner.privateRun(SuiteRunner.java:355)
at org.testng.SuiteRunner.run(SuiteRunner.java:304)
at org.testng.SuiteRunnerWorker.runSuite(SuiteRunnerWorker.java:53)
at org.testng.SuiteRunnerWorker.run(SuiteRunnerWorker.java:96)
at org.testng.TestNG.runSuitesSequentially(TestNG.java:1180)
at org.testng.TestNG.runSuitesLocally(TestNG.java:1102)
at org.testng.TestNG.runSuites(TestNG.java:1032)
at org.testng.TestNG.run(TestNG.java:1000)
at org.testng.remote.AbstractRemoteTestNG.run(AbstractRemoteTestNG.java:115)
at org.testng.remote.RemoteTestNG.initAndRun(RemoteTestNG.java:251)
at org.testng.remote.RemoteTestNG.main(RemoteTestNG.java:77)
]]>
    </error>
  </testcase> <!-- AddNewTourAndCancelTest -->
  <testcase name="DeleteAllViewsExitAndDoNotSaveTest" time="126.557" classname="testcases.ToursElementsTest"/>
  <testcase name="ChangeNameExitAndCancelTest" time="125.454" classname="testcases.ToursElementsTest"/>
  <testcase name="ChangeViewTimeExitAndSaveTest" time="134.401" classname="testcases.ToursElementsTest">
    <failure type="java.lang.AssertionError" message="expected [81917] but found [8191]">
      <![CDATA[java.lang.AssertionError: expected [81917] but found [8191]
at org.testng.Assert.fail(Assert.java:97)
at org.testng.Assert.assertEqualsImpl(Assert.java:136)
at org.testng.Assert.assertEquals(Assert.java:118)
at org.testng.Assert.assertEquals(Assert.java:575)
at org.testng.Assert.assertEquals(Assert.java:585)
at testcases.ToursElementsTest.ChangeViewTimeExitAndSaveTest(ToursElementsTest.java:1549)
at sun.reflect.NativeMethodAccessorImpl.invoke0(Native Method)
at sun.reflect.NativeMethodAccessorImpl.invoke(NativeMethodAccessorImpl.java:62)
at sun.reflect.DelegatingMethodAccessorImpl.invoke(DelegatingMethodAccessorImpl.java:43)
at java.lang.reflect.Method.invoke(Method.java:498)
at org.testng.internal.MethodInvocationHelper.invokeMethod(MethodInvocationHelper.java:133)
at org.testng.internal.TestInvoker.invokeMethod(TestInvoker.java:584)
at org.testng.internal.TestInvoker.invokeTestMethod(TestInvoker.java:172)
at org.testng.internal.MethodRunner.runInSequence(MethodRunner.java:46)
at org.testng.internal.TestInvoker$MethodInvocationAgent.invoke(TestInvoker.java:804)
at org.testng.internal.TestInvoker.invokeTestMethods(TestInvoker.java:145)
at org.testng.internal.TestMethodWorker.invokeTestMethods(TestMethodWorker.java:146)
at org.testng.internal.TestMethodWorker.run(TestMethodWorker.java:128)
at java.util.ArrayList.forEach(ArrayList.java:1257)
at org.testng.TestRunner.privateRun(TestRunner.java:770)
at org.testng.TestRunner.run(TestRunner.java:591)
at org.testng.SuiteRunner.runTest(SuiteRunner.java:402)
at org.testng.SuiteRunner.runSequentially(SuiteRunner.java:396)
at org.testng.SuiteRunner.privateRun(SuiteRunner.java:355)
at org.testng.SuiteRunner.run(SuiteRunner.java:304)
at org.testng.SuiteRunnerWorker.runSuite(SuiteRunnerWorker.java:53)
at org.testng.SuiteRunnerWorker.run(SuiteRunnerWorker.java:96)
at org.testng.TestNG.runSuitesSequentially(TestNG.java:1180)
at org.testng.TestNG.runSuitesLocally(TestNG.java:1102)
at org.testng.TestNG.runSuites(TestNG.java:1032)
at org.testng.TestNG.run(TestNG.java:1000)
at org.testng.remote.AbstractRemoteTestNG.run(AbstractRemoteTestNG.java:115)
at org.testng.remote.RemoteTestNG.initAndRun(RemoteTestNG.java:251)
at org.testng.remote.RemoteTestNG.main(RemoteTestNG.java:77)
]]>
    </failure>
  </testcase> <!-- ChangeViewTimeExitAndSaveTest -->
  <testcase name="DeleteAllViewsExitAndSaveTest" time="111.387" classname="testcases.ToursElementsTest"/>
  <testcase name="DeleteViewExitAndDoNotSaveTest" time="126.717" classname="testcases.ToursElementsTest"/>
  <testcase name="AddNewTourWithoutViewAndCancelTest" time="107.844" classname="testcases.ToursElementsTest"/>
  <testcase name="AddViewExitAndDoNotSaveTest" time="137.838" classname="testcases.ToursElementsTest"/>
  <testcase name="ChangeRemarksExitAndCancelTest" time="141.051" classname="testcases.ToursElementsTest"/>
  <testcase name="ChangeViewTimeBySpinnersExitAndCancelTest" time="159.578" classname="testcases.ToursElementsTest"/>
  <testcase name="ChangeNameAndCancelTest" time="128.614" classname="testcases.ToursElementsTest"/>
  <testcase name="AddNewTourWithoutViewExitAndCancelTest" time="121.268" classname="testcases.ToursElementsTest"/>
  <testcase name="ChangeVisibilityStatusExitAndCancelTest" time="123.574" classname="testcases.ToursElementsTest"/>
  <testcase name="ChangeViewTimeAndCancelTest" time="125.946" classname="testcases.ToursElementsTest"/>
  <testcase name="AddViewAndCancelTest" time="112.397" classname="testcases.ToursElementsTest"/>
  <testcase name="ChangeViewTimeBySpinnersExitAndSaveTest" time="149.859" classname="testcases.ToursElementsTest"/>
  <testcase name="AddViewExitAndCancelTest" time="127.263" classname="testcases.ToursElementsTest"/>
  <testcase name="DeleteAllViewsExitAndCancelTest" time="138.012" classname="testcases.ToursElementsTest"/>
  <testcase name="ChangeRemarksAndCancelTest" time="109.706" classname="testcases.ToursElementsTest"/>
  <testcase name="ChangeViewTimeExitAndCancelTest" time="126.356" classname="testcases.ToursElementsTest"/>
  <testcase name="ChangeRemarksExitAndDoNotSaveTest" time="132.328" classname="testcases.ToursElementsTest"/>
  <testcase name="ChangeViewTimeBySpinnersExitAndDoNotSaveTest" time="150.546" classname="testcases.ToursElementsTest"/>
  <testcase name="DeleteAllViewsAndCancelTest" time="125.884" classname="testcases.ToursElementsTest"/>
  <testcase name="ChangeNameExitAndSaveTest" time="130.930" classname="testcases.ToursElementsTest"/>
  <testcase name="AddNewTourExitAndSaveTest" time="155.873" classname="testcases.ToursElementsTest"/>
  <testcase name="AddViewExitAndSaveTest" time="145.178" classname="testcases.ToursElementsTest"/>
  <testcase name="AddNewTourWithoutViewExitAndSaveTest" time="107.853" classname="testcases.ToursElementsTest"/>
  <testcase name="ChangeVisibilityStatusAndCancelTest" time="118.594" classname="testcases.ToursElementsTest"/>
  <testcase name="ChangeViewTimeExitAndDoNotSaveTest" time="134.154" classname="testcases.ToursElementsTest"/>
  <testcase name="AddNewTourExitAndCancelTest" time="133.508" classname="testcases.ToursElementsTest"/>
  <testcase name="ChangeRemarksExitAndSaveTest" time="146.675" classname="testcases.ToursElementsTest"/>
  <testcase name="AddNewTourWithoutViewExitAndDoNotSaveTest" time="129.315" classname="testcases.ToursElementsTest"/>
  <testcase name="ChangeVisibilityStatusExitAndSaveTest" time="130.172" classname="testcases.ToursElementsTest"/>
  <testcase name="ChangeVisibilityStatusExitAndDoNotSaveTest" time="131.647" classname="testcases.ToursElementsTest"/>
  <testcase name="DeleteViewExitAndSaveTest" time="129.708" classname="testcases.ToursElementsTest"/>
  <testcase name="AddNewTourExitAndDoNotSaveTest" time="146.160" classname="testcases.ToursElementsTest"/>
  <testcase name="ChangeNameExitAndDoNotSaveTest" time="133.361" classname="testcases.ToursElementsTest"/>
  <testcase name="ChangeViewTimeBySpinnersAndCancelTest" time="116.807" classname="testcases.ToursElementsTest"/>
  <testcase name="DeleteViewAndCancelTest" time="108.096" classname="testcases.ToursElementsTest"/>
  <testcase name="DeleteViewExitAndCancelTest" time="122.636" classname="testcases.ToursElementsTest"/>
</testsuite> <!-- testcases.ToursElementsTest -->
