<?xml version="1.0" encoding="UTF-8"?>
<!-- Generated by org.testng.reporters.JUnitReportReporter -->
<testsuite skipped="0" hostname="BORSE-PC" name="testcases.ToursElementsTest" tests="1" failures="0" timestamp="2020-02-07T12:56:00 IST" time="104.233" errors="0">
  <testcase name="ChangeViewTimeBySpinnersExitAndSaveTest" time="104.233" classname="testcases.ToursElementsTest"/>
</testsuite> <!-- testcases.ToursElementsTest -->
