<?xml version="1.0" encoding="UTF-8"?>
<!-- Generated by org.testng.reporters.JUnitReportReporter -->
<testsuite skipped="0" hostname="BORSE-PC" name="testcases.ToursElementsTest" tests="40" failures="0" timestamp="2020-02-06T04:06:48 IST" time="6363.075" errors="0">
  <testcase name="AddViewExitAndSaveTest" time="151.591" classname="testcases.ToursElementsTest"/>
  <testcase name="DeleteViewExitAndDoNotSaveTest" time="126.513" classname="testcases.ToursElementsTest"/>
  <testcase name="ChangeViewTimeBySpinnersExitAndCancelTest" time="151.608" classname="testcases.ToursElementsTest"/>
  <testcase name="AddViewAndCancelTest" time="184.022" classname="testcases.ToursElementsTest"/>
  <testcase name="ChangeViewTimeExitAndSaveTest" time="154.231" classname="testcases.ToursElementsTest"/>
  <testcase name="ChangeRemarksAndCancelTest" time="121.690" classname="testcases.ToursElementsTest"/>
  <testcase name="AddNewTourWithoutViewExitAndCancelTest" time="190.922" classname="testcases.ToursElementsTest"/>
  <testcase name="DeleteAllViewsExitAndCancelTest" time="138.089" classname="testcases.ToursElementsTest"/>
  <testcase name="AddNewTourExitAndSaveTest" time="223.111" classname="testcases.ToursElementsTest"/>
  <testcase name="AddNewTourAndCancelTest" time="119.817" classname="testcases.ToursElementsTest"/>
  <testcase name="ChangeNameAndCancelTest" time="195.085" classname="testcases.ToursElementsTest"/>
  <testcase name="ChangeViewTimeBySpinnersExitAndSaveTest" time="178.350" classname="testcases.ToursElementsTest"/>
  <testcase name="DeleteViewExitAndSaveTest" time="177.416" classname="testcases.ToursElementsTest"/>
  <testcase name="ChangeRemarksExitAndCancelTest" time="130.564" classname="testcases.ToursElementsTest"/>
  <testcase name="DeleteViewAndCancelTest" time="105.369" classname="testcases.ToursElementsTest"/>
  <testcase name="AddNewTourWithoutViewAndCancelTest" time="114.145" classname="testcases.ToursElementsTest"/>
  <testcase name="DeleteAllViewsAndCancelTest" time="169.632" classname="testcases.ToursElementsTest"/>
  <testcase name="ChangeRemarksExitAndDoNotSaveTest" time="153.110" classname="testcases.ToursElementsTest"/>
  <testcase name="AddNewTourExitAndCancelTest" time="196.048" classname="testcases.ToursElementsTest"/>
  <testcase name="AddNewTourWithoutViewExitAndSaveTest" time="118.041" classname="testcases.ToursElementsTest"/>
  <testcase name="ChangeNameExitAndCancelTest" time="129.261" classname="testcases.ToursElementsTest"/>
  <testcase name="ChangeRemarksExitAndSaveTest" time="208.358" classname="testcases.ToursElementsTest"/>
  <testcase name="AddNewTourExitAndDoNotSaveTest" time="201.090" classname="testcases.ToursElementsTest"/>
  <testcase name="ChangeVisibilityStatusAndCancelTest" time="108.877" classname="testcases.ToursElementsTest"/>
  <testcase name="DeleteAllViewsExitAndDoNotSaveTest" time="154.669" classname="testcases.ToursElementsTest"/>
  <testcase name="AddViewExitAndCancelTest" time="139.397" classname="testcases.ToursElementsTest"/>
  <testcase name="AddViewExitAndDoNotSaveTest" time="152.606" classname="testcases.ToursElementsTest"/>
  <testcase name="ChangeViewTimeBySpinnersAndCancelTest" time="170.354" classname="testcases.ToursElementsTest"/>
  <testcase name="AddNewTourWithoutViewExitAndDoNotSaveTest" time="215.262" classname="testcases.ToursElementsTest"/>
  <testcase name="ChangeViewTimeExitAndCancelTest" time="184.878" classname="testcases.ToursElementsTest"/>
  <testcase name="DeleteAllViewsExitAndSaveTest" time="108.051" classname="testcases.ToursElementsTest"/>
  <testcase name="ChangeNameExitAndSaveTest" time="154.256" classname="testcases.ToursElementsTest"/>
  <testcase name="ChangeNameExitAndDoNotSaveTest" time="150.445" classname="testcases.ToursElementsTest"/>
  <testcase name="ChangeViewTimeBySpinnersExitAndDoNotSaveTest" time="175.765" classname="testcases.ToursElementsTest"/>
  <testcase name="ChangeViewTimeExitAndDoNotSaveTest" time="235.407" classname="testcases.ToursElementsTest"/>
  <testcase name="ChangeViewTimeAndCancelTest" time="117.753" classname="testcases.ToursElementsTest"/>
  <testcase name="ChangeVisibilityStatusExitAndCancelTest" time="132.037" classname="testcases.ToursElementsTest"/>
  <testcase name="ChangeVisibilityStatusExitAndDoNotSaveTest" time="199.399" classname="testcases.ToursElementsTest"/>
  <testcase name="DeleteViewExitAndCancelTest" time="166.148" classname="testcases.ToursElementsTest"/>
  <testcase name="ChangeVisibilityStatusExitAndSaveTest" time="159.708" classname="testcases.ToursElementsTest"/>
</testsuite> <!-- testcases.ToursElementsTest -->
