<?xml version="1.0" encoding="UTF-8"?>
<!-- Generated by org.testng.reporters.JUnitReportReporter -->
<testsuite skipped="0" hostname="BORSE-PC" name="testcases.ToursElementsTest" tests="40" failures="0" timestamp="2020-02-04T02:55:10 IST" time="6106.431" errors="0">
  <testcase name="DeleteViewExitAndCancelTest" time="132.804" classname="testcases.ToursElementsTest"/>
  <testcase name="ChangeViewTimeBySpinnersExitAndSaveTest" time="171.748" classname="testcases.ToursElementsTest"/>
  <testcase name="ChangeViewTimeBySpinnersAndCancelTest" time="164.288" classname="testcases.ToursElementsTest"/>
  <testcase name="DeleteViewExitAndDoNotSaveTest" time="137.251" classname="testcases.ToursElementsTest"/>
  <testcase name="AddViewExitAndDoNotSaveTest" time="190.390" classname="testcases.ToursElementsTest"/>
  <testcase name="ChangeNameExitAndDoNotSaveTest" time="176.225" classname="testcases.ToursElementsTest"/>
  <testcase name="DeleteAllViewsAndCancelTest" time="137.289" classname="testcases.ToursElementsTest"/>
  <testcase name="AddViewAndCancelTest" time="138.390" classname="testcases.ToursElementsTest"/>
  <testcase name="ChangeNameExitAndSaveTest" time="223.828" classname="testcases.ToursElementsTest"/>
  <testcase name="DeleteAllViewsExitAndDoNotSaveTest" time="145.597" classname="testcases.ToursElementsTest"/>
  <testcase name="DeleteAllViewsExitAndCancelTest" time="141.237" classname="testcases.ToursElementsTest"/>
  <testcase name="DeleteViewAndCancelTest" time="127.013" classname="testcases.ToursElementsTest"/>
  <testcase name="AddNewTourExitAndCancelTest" time="137.456" classname="testcases.ToursElementsTest"/>
  <testcase name="ChangeViewTimeBySpinnersExitAndCancelTest" time="174.738" classname="testcases.ToursElementsTest"/>
  <testcase name="DeleteViewExitAndSaveTest" time="120.568" classname="testcases.ToursElementsTest"/>
  <testcase name="ChangeVisibilityStatusExitAndSaveTest" time="163.496" classname="testcases.ToursElementsTest"/>
  <testcase name="DeleteAllViewsExitAndSaveTest" time="115.486" classname="testcases.ToursElementsTest"/>
  <testcase name="ChangeViewTimeExitAndCancelTest" time="149.955" classname="testcases.ToursElementsTest"/>
  <testcase name="AddNewTourWithoutViewExitAndSaveTest" time="116.070" classname="testcases.ToursElementsTest"/>
  <testcase name="ChangeVisibilityStatusAndCancelTest" time="123.623" classname="testcases.ToursElementsTest"/>
  <testcase name="ChangeRemarksExitAndCancelTest" time="199.460" classname="testcases.ToursElementsTest"/>
  <testcase name="AddNewTourWithoutViewExitAndCancelTest" time="151.822" classname="testcases.ToursElementsTest"/>
  <testcase name="AddNewTourExitAndDoNotSaveTest" time="154.475" classname="testcases.ToursElementsTest"/>
  <testcase name="AddViewExitAndSaveTest" time="169.756" classname="testcases.ToursElementsTest"/>
  <testcase name="ChangeViewTimeBySpinnersExitAndDoNotSaveTest" time="212.404" classname="testcases.ToursElementsTest"/>
  <testcase name="ChangeRemarksExitAndDoNotSaveTest" time="161.270" classname="testcases.ToursElementsTest"/>
  <testcase name="AddNewTourWithoutViewExitAndDoNotSaveTest" time="144.725" classname="testcases.ToursElementsTest"/>
  <testcase name="ChangeNameExitAndCancelTest" time="153.536" classname="testcases.ToursElementsTest"/>
  <testcase name="ChangeNameAndCancelTest" time="132.578" classname="testcases.ToursElementsTest"/>
  <testcase name="ChangeViewTimeExitAndSaveTest" time="153.745" classname="testcases.ToursElementsTest"/>
  <testcase name="AddNewTourWithoutViewAndCancelTest" time="124.691" classname="testcases.ToursElementsTest"/>
  <testcase name="ChangeVisibilityStatusExitAndCancelTest" time="152.843" classname="testcases.ToursElementsTest"/>
  <testcase name="AddViewExitAndCancelTest" time="147.333" classname="testcases.ToursElementsTest"/>
  <testcase name="ChangeRemarksAndCancelTest" time="117.372" classname="testcases.ToursElementsTest"/>
  <testcase name="AddNewTourExitAndSaveTest" time="153.324" classname="testcases.ToursElementsTest"/>
  <testcase name="ChangeVisibilityStatusExitAndDoNotSaveTest" time="154.231" classname="testcases.ToursElementsTest"/>
  <testcase name="AddNewTourAndCancelTest" time="134.137" classname="testcases.ToursElementsTest"/>
  <testcase name="ChangeRemarksExitAndSaveTest" time="150.483" classname="testcases.ToursElementsTest"/>
  <testcase name="ChangeViewTimeAndCancelTest" time="137.820" classname="testcases.ToursElementsTest"/>
  <testcase name="ChangeViewTimeExitAndDoNotSaveTest" time="212.974" classname="testcases.ToursElementsTest"/>
</testsuite> <!-- testcases.ToursElementsTest -->
