<?xml version="1.0" encoding="UTF-8"?>
<!-- Generated by org.testng.reporters.JUnitReportReporter -->
<testsuite skipped="0" hostname="BORSE-PC" name="testcases.ToursTest" tests="1" failures="0" timestamp="2020-02-04T11:53:41 IST" time="164.080" errors="0">
  <testcase name="ChangeViewTimeTest" time="164.080" classname="testcases.ToursTest"/>
</testsuite> <!-- testcases.ToursTest -->
